<?xml version="1.0" encoding="UTF-8"?>
<testsuite xmlns:xsi="http://www.w3.org/2001/XMLSchema-instance" xsi:noNamespaceSchemaLocation="https://maven.apache.org/surefire/maven-surefire-plugin/xsd/surefire-test-report-3.0.xsd" version="3.0" name="ParkingTest" time="0.099" tests="10" errors="0" skipped="0" failures="0">
  <properties>
[...]
</properties>
  <testcase name="T4testnocompatible" classname="ParkingTest" time="0.029">
    <system-out><![CDATA[La placa ja esta ocupada
]]></system-out>
  </testcase>
  <testcase name="T1" classname="ParkingTest" time="0.021"/>
  <testcase name="T2" classname="ParkingTest" time="0.001">
    <system-out><![CDATA[Vehicle Incorrecte
]]></system-out>
  </testcase>
  <testcase name="T3" classname="ParkingTest" time="0.003">
    <system-out><![CDATA[La placa no es compatible
]]></system-out>
  </testcase>
  <testcase name="T5" classname="ParkingTest" time="0.002"/>
  <testcase name="T6" classname="ParkingTest" time="0.001">
    <system-out><![CDATA[La placa ja esta ocupada
]]></system-out>
  </testcase>
  <testcase name="T7" classname="ParkingTest" time="0.001"/>
  <testcase name="T8" classname="ParkingTest" time="0.002"/>
  <testcase name="T9" classname="ParkingTest" time="0.002"/>
  <testcase name="T10" classname="ParkingTest" time="0.001">
    <system-out><![CDATA[La placa no es compatible
]]></system-out>
  </testcase>
</testsuite>